1663351615752	geckodriver	INFO	Listening on 127.0.0.1:33601
1663351616759	mozrunner::runner	INFO	Running command: "/usr/bin/firefox" "--marionette" "--headless" "-no-remote" "-profile" "/tmp/rust_mozprofileReIlPZ"
*** You are running in headless mode.
[GFX1-]: glxtest: VA-API test failed: failed to initialise VAAPI connection.
1663351617318	Marionette	INFO	Marionette enabled
1663351617323	Marionette	INFO	Listening on port 45781
Read port: 45781
1663351617468	RemoteAgent	WARN	TLS certificate errors will be ignored for this session
[GFX1-]: RenderCompositorSWGL failed mapping default framebuffer, no dt
console.warn: SearchSettings: "get: No settings file exists, new profile?" (new NotFoundError("Could not open the file at /tmp/rust_mozprofileReIlPZ/search.json.mozlz4", (void 0)))
Missing chrome or resource URL: resource://gre/modules/UpdateListener.sys.mjs
console.warn: LoginRecipes: "Falling back to a synchronous message for: https://predprod-dev.smartmed.pro."
console.warn: LoginRecipes: "Falling back to a synchronous message for: https://predprod-dev.smartmed.pro."
1663351622389	Marionette	INFO	Stopped listening on port 45781
Missing chrome or resource URL: resource://gre/modules/UpdateListener.sys.mjs
console.error: "Error during quit-application-granted: [Exception... \"File error: Not found\"  nsresult: \"0x80520012 (NS_ERROR_FILE_NOT_FOUND)\"  location: \"JS frame :: resource:///modules/BrowserGlue.jsm :: _onQuitApplicationGranted/tasks< :: line 2013\"  data: no]"
JavaScript error: resource://gre/modules/Sqlite.jsm, line 999: Error: Connection is not open.
1663351784125	geckodriver	INFO	Listening on 127.0.0.1:58333
1663351784131	mozrunner::runner	INFO	Running command: "/usr/bin/firefox" "--marionette" "--headless" "-no-remote" "-profile" "/tmp/rust_mozprofilej0FzX8"
*** You are running in headless mode.
[GFX1-]: glxtest: VA-API test failed: failed to initialise VAAPI connection.
1663351784694	Marionette	INFO	Marionette enabled
1663351784701	Marionette	INFO	Listening on port 45355
Read port: 45355
1663351784840	RemoteAgent	WARN	TLS certificate errors will be ignored for this session
[GFX1-]: RenderCompositorSWGL failed mapping default framebuffer, no dt
console.warn: SearchSettings: "get: No settings file exists, new profile?" (new NotFoundError("Could not open the file at /tmp/rust_mozprofilej0FzX8/search.json.mozlz4", (void 0)))
Missing chrome or resource URL: resource://gre/modules/UpdateListener.sys.mjs
console.warn: LoginRecipes: "Falling back to a synchronous message for: https://predprod-dev.smartmed.pro."
console.warn: LoginRecipes: "Falling back to a synchronous message for: https://predprod-dev.smartmed.pro."
1663351789982	Marionette	INFO	Stopped listening on port 45355
Missing chrome or resource URL: resource://gre/modules/UpdateListener.sys.mjs
console.error: "Error during quit-application-granted: [Exception... \"File error: Not found\"  nsresult: \"0x80520012 (NS_ERROR_FILE_NOT_FOUND)\"  location: \"JS frame :: resource:///modules/BrowserGlue.jsm :: _onQuitApplicationGranted/tasks< :: line 2013\"  data: no]"
1663352231176	geckodriver	INFO	Listening on 127.0.0.1:46669
1663352232182	mozrunner::runner	INFO	Running command: "/usr/bin/firefox" "--marionette" "--headless" "-no-remote" "-profile" "/tmp/rust_mozprofile3nExs4"
*** You are running in headless mode.
[GFX1-]: glxtest: VA-API test failed: failed to initialise VAAPI connection.
1663352232782	Marionette	INFO	Marionette enabled
1663352232788	Marionette	INFO	Listening on port 36001
Read port: 36001
1663352233103	RemoteAgent	WARN	TLS certificate errors will be ignored for this session
[GFX1-]: RenderCompositorSWGL failed mapping default framebuffer, no dt
console.warn: SearchSettings: "get: No settings file exists, new profile?" (new NotFoundError("Could not open the file at /tmp/rust_mozprofile3nExs4/search.json.mozlz4", (void 0)))
Missing chrome or resource URL: resource://gre/modules/UpdateListener.sys.mjs
console.warn: LoginRecipes: "Falling back to a synchronous message for: https://predprod-dev.smartmed.pro."
console.warn: LoginRecipes: "Falling back to a synchronous message for: https://predprod-dev.smartmed.pro."
1663352237779	Marionette	INFO	Stopped listening on port 36001
Missing chrome or resource URL: resource://gre/modules/UpdateListener.sys.mjs
console.error: "Error during quit-application-granted: [Exception... \"File error: Not found\"  nsresult: \"0x80520012 (NS_ERROR_FILE_NOT_FOUND)\"  location: \"JS frame :: resource:///modules/BrowserGlue.jsm :: _onQuitApplicationGranted/tasks< :: line 2013\"  data: no]"
1663352460610	geckodriver	INFO	Listening on 127.0.0.1:41775
1663352460615	mozrunner::runner	INFO	Running command: "/usr/bin/firefox" "--marionette" "--headless" "-no-remote" "-profile" "/tmp/rust_mozprofile9eCGvS"
*** You are running in headless mode.
[GFX1-]: glxtest: VA-API test failed: failed to initialise VAAPI connection.
1663352461223	Marionette	INFO	Marionette enabled
1663352461231	Marionette	INFO	Listening on port 40257
Read port: 40257
1663352461408	RemoteAgent	WARN	TLS certificate errors will be ignored for this session
[GFX1-]: RenderCompositorSWGL failed mapping default framebuffer, no dt
console.warn: SearchSettings: "get: No settings file exists, new profile?" (new NotFoundError("Could not open the file at /tmp/rust_mozprofile9eCGvS/search.json.mozlz4", (void 0)))
Missing chrome or resource URL: resource://gre/modules/UpdateListener.sys.mjs
console.warn: LoginRecipes: "Falling back to a synchronous message for: https://predprod-dev.smartmed.pro."
console.warn: LoginRecipes: "Falling back to a synchronous message for: https://predprod-dev.smartmed.pro."
1663352466247	Marionette	INFO	Stopped listening on port 40257
Missing chrome or resource URL: resource://gre/modules/UpdateListener.sys.mjs
console.error: "Error during quit-application-granted: [Exception... \"File error: Not found\"  nsresult: \"0x80520012 (NS_ERROR_FILE_NOT_FOUND)\"  location: \"JS frame :: resource:///modules/BrowserGlue.jsm :: _onQuitApplicationGranted/tasks< :: line 2013\"  data: no]"
1663352714245	geckodriver	INFO	Listening on 127.0.0.1:45177
1663352715254	mozrunner::runner	INFO	Running command: "/usr/bin/firefox" "--marionette" "--headless" "-no-remote" "-profile" "/tmp/rust_mozprofileCpSSsD"
*** You are running in headless mode.
[GFX1-]: glxtest: VA-API test failed: failed to initialise VAAPI connection.
1663352715778	Marionette	INFO	Marionette enabled
1663352715784	Marionette	INFO	Listening on port 40753
Read port: 40753
1663352716094	RemoteAgent	WARN	TLS certificate errors will be ignored for this session
[GFX1-]: RenderCompositorSWGL failed mapping default framebuffer, no dt
console.warn: SearchSettings: "get: No settings file exists, new profile?" (new NotFoundError("Could not open the file at /tmp/rust_mozprofileCpSSsD/search.json.mozlz4", (void 0)))
Missing chrome or resource URL: resource://gre/modules/UpdateListener.sys.mjs
console.warn: LoginRecipes: "Falling back to a synchronous message for: https://predprod-dev.smartmed.pro."
console.warn: LoginRecipes: "Falling back to a synchronous message for: https://predprod-dev.smartmed.pro."
1663352720713	Marionette	INFO	Stopped listening on port 40753
Missing chrome or resource URL: resource://gre/modules/UpdateListener.sys.mjs
console.error: "Error during quit-application-granted: [Exception... \"File error: Not found\"  nsresult: \"0x80520012 (NS_ERROR_FILE_NOT_FOUND)\"  location: \"JS frame :: resource:///modules/BrowserGlue.jsm :: _onQuitApplicationGranted/tasks< :: line 2013\"  data: no]"
1664132461956	geckodriver	INFO	Listening on 127.0.0.1:38937
1664132462962	mozrunner::runner	INFO	Running command: "/usr/bin/firefox" "--marionette" "--headless" "-no-remote" "-profile" "/tmp/rust_mozprofile0tZuJv"
*** You are running in headless mode.
[GFX1-]: glxtest: VA-API test failed: failed to initialise VAAPI connection.
1664132463530	Marionette	INFO	Marionette enabled
1664132463538	Marionette	INFO	Listening on port 44189
Read port: 44189
1664132463691	RemoteAgent	WARN	TLS certificate errors will be ignored for this session
[GFX1-]: RenderCompositorSWGL failed mapping default framebuffer, no dt
console.warn: SearchSettings: "get: No settings file exists, new profile?" (new NotFoundError("Could not open the file at /tmp/rust_mozprofile0tZuJv/search.json.mozlz4", (void 0)))
Missing chrome or resource URL: resource://gre/modules/UpdateListener.sys.mjs
console.warn: LoginRecipes: "Falling back to a synchronous message for: https://predprod-dev.smartmed.pro."
console.warn: LoginRecipes: "Falling back to a synchronous message for: https://predprod-dev.smartmed.pro."
1664132468717	Marionette	INFO	Stopped listening on port 44189
Missing chrome or resource URL: resource://gre/modules/UpdateListener.sys.mjs
console.error: "Error during quit-application-granted: [Exception... \"File error: Not found\"  nsresult: \"0x80520012 (NS_ERROR_FILE_NOT_FOUND)\"  location: \"JS frame :: resource:///modules/BrowserGlue.jsm :: _onQuitApplicationGranted/tasks< :: line 2013\"  data: no]"
