1663092299997	geckodriver	INFO	Listening on 127.0.0.1:46619
1663092301007	mozrunner::runner	INFO	Running command: "/usr/bin/firefox" "--marionette" "-no-remote" "-profile" "/tmp/rust_mozprofileBQsB6V"
[GFX1-]: glxtest: VA-API test failed: failed to initialise VAAPI connection.
1663092302183	Marionette	INFO	Marionette enabled
1663092302189	Marionette	INFO	Listening on port 43675
Read port: 43675
1663092302370	RemoteAgent	WARN	TLS certificate errors will be ignored for this session
console.warn: SearchSettings: "get: No settings file exists, new profile?" (new NotFoundError("Could not open the file at /tmp/rust_mozprofileBQsB6V/search.json.mozlz4", (void 0)))
Missing chrome or resource URL: resource://gre/modules/UpdateListener.sys.mjs
console.warn: LoginRecipes: "Falling back to a synchronous message for: https://sso.passport.yandex.ru."
1663092308678	Marionette	WARN	Ignoring event 'DOMContentLoaded' because document has an invalid readyState of 'complete'.
1663092309014	Marionette	WARN	Ignoring event 'DOMContentLoaded' because document has an invalid readyState of 'complete'.
1663092312600	Marionette	WARN	Ignoring event 'DOMContentLoaded' because document has an invalid readyState of 'complete'.
JavaScript error: , line 0: TypeError: NetworkError when attempting to fetch resource.
1663092314934	Marionette	INFO	Stopped listening on port 43675
Missing chrome or resource URL: resource://gre/modules/UpdateListener.sys.mjs
console.error: "Error during quit-application-granted: [Exception... \"File error: Not found\"  nsresult: \"0x80520012 (NS_ERROR_FILE_NOT_FOUND)\"  location: \"JS frame :: resource:///modules/BrowserGlue.jsm :: _onQuitApplicationGranted/tasks< :: line 2013\"  data: no]"
1663092406260	geckodriver	INFO	Listening on 127.0.0.1:50805
1663092407266	mozrunner::runner	INFO	Running command: "/usr/bin/firefox" "--marionette" "-no-remote" "-profile" "/tmp/rust_mozprofiletWB6UP"
[GFX1-]: glxtest: VA-API test failed: failed to initialise VAAPI connection.
1663092408170	Marionette	INFO	Marionette enabled
1663092408176	Marionette	INFO	Listening on port 44013
Read port: 44013
1663092408328	RemoteAgent	WARN	TLS certificate errors will be ignored for this session
console.warn: SearchSettings: "get: No settings file exists, new profile?" (new NotFoundError("Could not open the file at /tmp/rust_mozprofiletWB6UP/search.json.mozlz4", (void 0)))
Missing chrome or resource URL: resource://gre/modules/UpdateListener.sys.mjs
console.warn: LoginRecipes: "Falling back to a synchronous message for: https://predprod-dev.smartmed.pro."
console.warn: LoginRecipes: "Falling back to a synchronous message for: https://predprod-dev.smartmed.pro."
console.error: (new TypeError("parent is null", "resource://devtools/client/inspector/shared/style-change-tracker.js", 67))
TypeError: parent is null: canMutationImpactCurrentStyles@resource://devtools/client/inspector/shared/style-change-tracker.js:67:24
onMutations@resource://devtools/client/inspector/shared/style-change-tracker.js:84:41
_emit@resource://devtools/shared/event-emitter.js:242:32
emit@resource://devtools/shared/event-emitter.js:186:18
emit@resource://devtools/shared/event-emitter.js:330:18
getMutations@resource://devtools/client/fronts/walker.js:312:10

console.warn: "Async method failed in safeAsyncMethod" (new Error("Connection closed, pending request to server0.conn0.windowGlobal6442450945/layout65, type getGrids failed\n\nRequest stack:\nrequest@resource://devtools/shared/protocol/Front.js:293:14\ngenerateRequestMethods/</frontProto[name]@resource://devtools/shared/protocol/Front/FrontClassWithSpec.js:49:19\ngetAllGrids@resource://devtools/client/fronts/layout.js:171:17\nexports.safeAsyncMethod/<@resource://devtools/shared/async-utils.js:61:25\ngetGrids@resource://devtools/client/inspector/grids/grid-inspector.js:449:35\n", "resource://devtools/shared/protocol/Front.js", 107))
JavaScript error: , line 0: NotFoundError: No such JSWindowActor 'DevToolsFrame'
JavaScript error: , line 0: NotFoundError: No such JSWindowActor 'DevToolsFrame'
JavaScript error: , line 0: NotFoundError: No such JSWindowActor 'DevToolsFrame'
JavaScript error: , line 0: NotFoundError: No such JSWindowActor 'DevToolsFrame'
Missing chrome or resource URL: resource://gre/modules/UpdateListener.sys.mjs
console.error: "Error during quit-application-granted: [Exception... \"File error: Not found\"  nsresult: \"0x80520012 (NS_ERROR_FILE_NOT_FOUND)\"  location: \"JS frame :: resource:///modules/BrowserGlue.jsm :: _onQuitApplicationGranted/tasks< :: line 2013\"  data: no]"
1663092491690	Marionette	INFO	Stopped listening on port 44013
1663092517226	geckodriver	INFO	Listening on 127.0.0.1:56889
1663092518232	mozrunner::runner	INFO	Running command: "/usr/bin/firefox" "--marionette" "-no-remote" "-profile" "/tmp/rust_mozprofileKJsrVG"
[GFX1-]: glxtest: VA-API test failed: failed to initialise VAAPI connection.
1663092519172	Marionette	INFO	Marionette enabled
1663092519178	Marionette	INFO	Listening on port 44563
Read port: 44563
1663092519318	RemoteAgent	WARN	TLS certificate errors will be ignored for this session
console.warn: SearchSettings: "get: No settings file exists, new profile?" (new NotFoundError("Could not open the file at /tmp/rust_mozprofileKJsrVG/search.json.mozlz4", (void 0)))
Missing chrome or resource URL: resource://gre/modules/UpdateListener.sys.mjs
console.warn: LoginRecipes: "Falling back to a synchronous message for: https://predprod-dev.smartmed.pro."
console.warn: LoginRecipes: "Falling back to a synchronous message for: https://predprod-dev.smartmed.pro."
1663092544429	geckodriver	INFO	Listening on 127.0.0.1:47223
1663092544434	mozrunner::runner	INFO	Running command: "/usr/bin/firefox" "--marionette" "-no-remote" "-profile" "/tmp/rust_mozprofileAthYak"
[GFX1-]: glxtest: VA-API test failed: failed to initialise VAAPI connection.
1663092545544	Marionette	INFO	Marionette enabled
1663092545549	Marionette	INFO	Listening on port 37945
Read port: 37945
1663092546147	RemoteAgent	WARN	TLS certificate errors will be ignored for this session
console.warn: SearchSettings: "get: No settings file exists, new profile?" (new NotFoundError("Could not open the file at /tmp/rust_mozprofileAthYak/search.json.mozlz4", (void 0)))
Missing chrome or resource URL: resource://gre/modules/UpdateListener.sys.mjs
console.warn: LoginRecipes: "Falling back to a synchronous message for: https://predprod-dev.smartmed.pro."
console.warn: LoginRecipes: "Falling back to a synchronous message for: https://predprod-dev.smartmed.pro."
Missing chrome or resource URL: resource://gre/modules/UpdateListener.sys.mjs
console.error: "Error during quit-application-granted: [Exception... \"File error: Not found\"  nsresult: \"0x80520012 (NS_ERROR_FILE_NOT_FOUND)\"  location: \"JS frame :: resource:///modules/BrowserGlue.jsm :: _onQuitApplicationGranted/tasks< :: line 2013\"  data: no]"
1663092566527	Marionette	INFO	Stopped listening on port 37945
1663092613855	geckodriver	INFO	Listening on 127.0.0.1:36265
1663092614864	mozrunner::runner	INFO	Running command: "/usr/bin/firefox" "--marionette" "-no-remote" "-profile" "/tmp/rust_mozprofilei8wT71"
[GFX1-]: glxtest: VA-API test failed: failed to initialise VAAPI connection.
1663092615796	Marionette	INFO	Marionette enabled
1663092615803	Marionette	INFO	Listening on port 39771
Read port: 39771
1663092615930	RemoteAgent	WARN	TLS certificate errors will be ignored for this session
console.warn: SearchSettings: "get: No settings file exists, new profile?" (new NotFoundError("Could not open the file at /tmp/rust_mozprofilei8wT71/search.json.mozlz4", (void 0)))
Missing chrome or resource URL: resource://gre/modules/UpdateListener.sys.mjs
console.warn: LoginRecipes: "Falling back to a synchronous message for: https://predprod-dev.smartmed.pro."
console.warn: LoginRecipes: "Falling back to a synchronous message for: https://predprod-dev.smartmed.pro."
1663092621976	Marionette	INFO	Stopped listening on port 39771
Missing chrome or resource URL: resource://gre/modules/UpdateListener.sys.mjs
console.error: "Error during quit-application-granted: [Exception... \"File error: Not found\"  nsresult: \"0x80520012 (NS_ERROR_FILE_NOT_FOUND)\"  location: \"JS frame :: resource:///modules/BrowserGlue.jsm :: _onQuitApplicationGranted/tasks< :: line 2013\"  data: no]"
1663092922550	geckodriver	INFO	Listening on 127.0.0.1:59153
1663092923557	mozrunner::runner	INFO	Running command: "/usr/bin/firefox" "--marionette" "-no-remote" "-profile" "/tmp/rust_mozprofileap5iCF"
[GFX1-]: glxtest: VA-API test failed: failed to initialise VAAPI connection.
1663092924473	Marionette	INFO	Marionette enabled
1663092924481	Marionette	INFO	Listening on port 43801
Read port: 43801
1663092924631	RemoteAgent	WARN	TLS certificate errors will be ignored for this session
console.warn: SearchSettings: "get: No settings file exists, new profile?" (new NotFoundError("Could not open the file at /tmp/rust_mozprofileap5iCF/search.json.mozlz4", (void 0)))
Missing chrome or resource URL: resource://gre/modules/UpdateListener.sys.mjs
console.warn: LoginRecipes: "Falling back to a synchronous message for: https://predprod-dev.smartmed.pro."
Missing chrome or resource URL: resource://gre/modules/UpdateListener.sys.mjs
console.error: "Error during quit-application-granted: [Exception... \"File error: Not found\"  nsresult: \"0x80520012 (NS_ERROR_FILE_NOT_FOUND)\"  location: \"JS frame :: resource:///modules/BrowserGlue.jsm :: _onQuitApplicationGranted/tasks< :: line 2013\"  data: no]"
1663092944024	Marionette	INFO	Stopped listening on port 43801
Missing chrome or resource URL: resource://gre/modules/UpdateListener.sys.mjs
console.error: "Error during quit-application-granted: [Exception... \"File error: Not found\"  nsresult: \"0x80520012 (NS_ERROR_FILE_NOT_FOUND)\"  location: \"JS frame :: resource:///modules/BrowserGlue.jsm :: _onQuitApplicationGranted/tasks< :: line 2013\"  data: no]"
1663093308292	Marionette	INFO	Stopped listening on port 44563
